<?xml version="1.0" encoding="UTF-8"?>
<!-- Generated by org.testng.reporters.JUnitReportReporter -->
<testsuite skipped="0" hostname="DESKTOP-EFM1JN7" name="Test.LoginPageTest" tests="1" failures="0" timestamp="2021-10-27T17:56:07 CDT" time="3.011" errors="0">
  <testcase name="loginTest" time="3.011" classname="Test.LoginPageTest"/>
  <system-out/>
</testsuite> <!-- Test.LoginPageTest -->
